Symlinking /home/gotvinne/Documents/autonomous_drones_ss2022/autonomous_drones_ws/devel/lib/python3/dist-packages/fla_msgs/__init__.py
Symlinking /home/gotvinne/Documents/autonomous_drones_ss2022/autonomous_drones_ws/devel/lib/python3/dist-packages/fla_msgs/msg/_ProcessStatus.py
Symlinking /home/gotvinne/Documents/autonomous_drones_ss2022/autonomous_drones_ws/devel/lib/python3/dist-packages/fla_msgs/msg/_NodeList.py
Symlinking /home/gotvinne/Documents/autonomous_drones_ss2022/autonomous_drones_ws/devel/lib/python3/dist-packages/fla_msgs/msg/_FlightStateTransition.py
Symlinking /home/gotvinne/Documents/autonomous_drones_ss2022/autonomous_drones_ws/devel/lib/python3/dist-packages/fla_msgs/msg/_ImageDetections.py
Symlinking /home/gotvinne/Documents/autonomous_drones_ss2022/autonomous_drones_ws/devel/lib/python3/dist-packages/fla_msgs/msg/_ImageSegmentation.py
Symlinking /home/gotvinne/Documents/autonomous_drones_ss2022/autonomous_drones_ws/devel/lib/python3/dist-packages/fla_msgs/msg/_TelemString.py
Symlinking /home/gotvinne/Documents/autonomous_drones_ss2022/autonomous_drones_ws/devel/lib/python3/dist-packages/fla_msgs/msg/_WaypointList.py
Symlinking /home/gotvinne/Documents/autonomous_drones_ss2022/autonomous_drones_ws/devel/lib/python3/dist-packages/fla_msgs/msg/_FlightEvent.py
Symlinking /home/gotvinne/Documents/autonomous_drones_ss2022/autonomous_drones_ws/devel/lib/python3/dist-packages/fla_msgs/msg/_Keypoint.py
Symlinking /home/gotvinne/Documents/autonomous_drones_ss2022/autonomous_drones_ws/devel/lib/python3/dist-packages/fla_msgs/msg/_Box.py
Symlinking /home/gotvinne/Documents/autonomous_drones_ss2022/autonomous_drones_ws/devel/lib/python3/dist-packages/fla_msgs/msg/_ControlMessage.py
Symlinking /home/gotvinne/Documents/autonomous_drones_ss2022/autonomous_drones_ws/devel/lib/python3/dist-packages/fla_msgs/msg/_FlightCommand.py
Symlinking /home/gotvinne/Documents/autonomous_drones_ss2022/autonomous_drones_ws/devel/lib/python3/dist-packages/fla_msgs/msg/_NodeStatus.py
Symlinking /home/gotvinne/Documents/autonomous_drones_ss2022/autonomous_drones_ws/devel/lib/python3/dist-packages/fla_msgs/msg/_JoyDef.py
Symlinking /home/gotvinne/Documents/autonomous_drones_ss2022/autonomous_drones_ws/devel/lib/python3/dist-packages/fla_msgs/msg/__init__.py
Symlinking /home/gotvinne/Documents/autonomous_drones_ss2022/autonomous_drones_ws/devel/lib/python3/dist-packages/fla_msgs/msg/_Detection.py
Symlinking /home/gotvinne/Documents/autonomous_drones_ss2022/autonomous_drones_ws/devel/lib/python3/dist-packages/fla_msgs/msg/_Latency.py
Symlinking /home/gotvinne/Documents/autonomous_drones_ss2022/autonomous_drones_ws/devel/lib/pkgconfig/fla_msgs.pc
Symlinking /home/gotvinne/Documents/autonomous_drones_ss2022/autonomous_drones_ws/devel/include/fla_msgs/Detection.h
Symlinking /home/gotvinne/Documents/autonomous_drones_ss2022/autonomous_drones_ws/devel/include/fla_msgs/Keypoint.h
Symlinking /home/gotvinne/Documents/autonomous_drones_ss2022/autonomous_drones_ws/devel/include/fla_msgs/NodeList.h
Symlinking /home/gotvinne/Documents/autonomous_drones_ss2022/autonomous_drones_ws/devel/include/fla_msgs/NodeStatus.h
Symlinking /home/gotvinne/Documents/autonomous_drones_ss2022/autonomous_drones_ws/devel/include/fla_msgs/FlightEvent.h
Symlinking /home/gotvinne/Documents/autonomous_drones_ss2022/autonomous_drones_ws/devel/include/fla_msgs/ProcessStatus.h
Symlinking /home/gotvinne/Documents/autonomous_drones_ss2022/autonomous_drones_ws/devel/include/fla_msgs/Latency.h
Symlinking /home/gotvinne/Documents/autonomous_drones_ss2022/autonomous_drones_ws/devel/include/fla_msgs/ControlMessage.h
Symlinking /home/gotvinne/Documents/autonomous_drones_ss2022/autonomous_drones_ws/devel/include/fla_msgs/JoyDef.h
Symlinking /home/gotvinne/Documents/autonomous_drones_ss2022/autonomous_drones_ws/devel/include/fla_msgs/ImageSegmentation.h
Symlinking /home/gotvinne/Documents/autonomous_drones_ss2022/autonomous_drones_ws/devel/include/fla_msgs/TelemString.h
Symlinking /home/gotvinne/Documents/autonomous_drones_ss2022/autonomous_drones_ws/devel/include/fla_msgs/FlightCommand.h
Symlinking /home/gotvinne/Documents/autonomous_drones_ss2022/autonomous_drones_ws/devel/include/fla_msgs/WaypointList.h
Symlinking /home/gotvinne/Documents/autonomous_drones_ss2022/autonomous_drones_ws/devel/include/fla_msgs/FlightStateTransition.h
Symlinking /home/gotvinne/Documents/autonomous_drones_ss2022/autonomous_drones_ws/devel/include/fla_msgs/Box.h
Symlinking /home/gotvinne/Documents/autonomous_drones_ss2022/autonomous_drones_ws/devel/include/fla_msgs/ImageDetections.h
Symlinking /home/gotvinne/Documents/autonomous_drones_ss2022/autonomous_drones_ws/devel/share/gennodejs/ros/fla_msgs/_index.js
Symlinking /home/gotvinne/Documents/autonomous_drones_ss2022/autonomous_drones_ws/devel/share/gennodejs/ros/fla_msgs/msg/Latency.js
Symlinking /home/gotvinne/Documents/autonomous_drones_ss2022/autonomous_drones_ws/devel/share/gennodejs/ros/fla_msgs/msg/Keypoint.js
Symlinking /home/gotvinne/Documents/autonomous_drones_ss2022/autonomous_drones_ws/devel/share/gennodejs/ros/fla_msgs/msg/FlightEvent.js
Symlinking /home/gotvinne/Documents/autonomous_drones_ss2022/autonomous_drones_ws/devel/share/gennodejs/ros/fla_msgs/msg/NodeList.js
Symlinking /home/gotvinne/Documents/autonomous_drones_ss2022/autonomous_drones_ws/devel/share/gennodejs/ros/fla_msgs/msg/ImageDetections.js
Symlinking /home/gotvinne/Documents/autonomous_drones_ss2022/autonomous_drones_ws/devel/share/gennodejs/ros/fla_msgs/msg/JoyDef.js
Symlinking /home/gotvinne/Documents/autonomous_drones_ss2022/autonomous_drones_ws/devel/share/gennodejs/ros/fla_msgs/msg/TelemString.js
Symlinking /home/gotvinne/Documents/autonomous_drones_ss2022/autonomous_drones_ws/devel/share/gennodejs/ros/fla_msgs/msg/WaypointList.js
Symlinking /home/gotvinne/Documents/autonomous_drones_ss2022/autonomous_drones_ws/devel/share/gennodejs/ros/fla_msgs/msg/Box.js
Symlinking /home/gotvinne/Documents/autonomous_drones_ss2022/autonomous_drones_ws/devel/share/gennodejs/ros/fla_msgs/msg/ImageSegmentation.js
Symlinking /home/gotvinne/Documents/autonomous_drones_ss2022/autonomous_drones_ws/devel/share/gennodejs/ros/fla_msgs/msg/Detection.js
Symlinking /home/gotvinne/Documents/autonomous_drones_ss2022/autonomous_drones_ws/devel/share/gennodejs/ros/fla_msgs/msg/NodeStatus.js
Symlinking /home/gotvinne/Documents/autonomous_drones_ss2022/autonomous_drones_ws/devel/share/gennodejs/ros/fla_msgs/msg/FlightStateTransition.js
Symlinking /home/gotvinne/Documents/autonomous_drones_ss2022/autonomous_drones_ws/devel/share/gennodejs/ros/fla_msgs/msg/FlightCommand.js
Symlinking /home/gotvinne/Documents/autonomous_drones_ss2022/autonomous_drones_ws/devel/share/gennodejs/ros/fla_msgs/msg/ControlMessage.js
Symlinking /home/gotvinne/Documents/autonomous_drones_ss2022/autonomous_drones_ws/devel/share/gennodejs/ros/fla_msgs/msg/_index.js
Symlinking /home/gotvinne/Documents/autonomous_drones_ss2022/autonomous_drones_ws/devel/share/gennodejs/ros/fla_msgs/msg/ProcessStatus.js
Symlinking /home/gotvinne/Documents/autonomous_drones_ss2022/autonomous_drones_ws/devel/share/roseus/ros/fla_msgs/manifest.l
Symlinking /home/gotvinne/Documents/autonomous_drones_ss2022/autonomous_drones_ws/devel/share/roseus/ros/fla_msgs/msg/Latency.l
Symlinking /home/gotvinne/Documents/autonomous_drones_ss2022/autonomous_drones_ws/devel/share/roseus/ros/fla_msgs/msg/WaypointList.l
Symlinking /home/gotvinne/Documents/autonomous_drones_ss2022/autonomous_drones_ws/devel/share/roseus/ros/fla_msgs/msg/TelemString.l
Symlinking /home/gotvinne/Documents/autonomous_drones_ss2022/autonomous_drones_ws/devel/share/roseus/ros/fla_msgs/msg/FlightEvent.l
Symlinking /home/gotvinne/Documents/autonomous_drones_ss2022/autonomous_drones_ws/devel/share/roseus/ros/fla_msgs/msg/NodeStatus.l
Symlinking /home/gotvinne/Documents/autonomous_drones_ss2022/autonomous_drones_ws/devel/share/roseus/ros/fla_msgs/msg/ImageSegmentation.l
Symlinking /home/gotvinne/Documents/autonomous_drones_ss2022/autonomous_drones_ws/devel/share/roseus/ros/fla_msgs/msg/ImageDetections.l
Symlinking /home/gotvinne/Documents/autonomous_drones_ss2022/autonomous_drones_ws/devel/share/roseus/ros/fla_msgs/msg/Detection.l
Symlinking /home/gotvinne/Documents/autonomous_drones_ss2022/autonomous_drones_ws/devel/share/roseus/ros/fla_msgs/msg/NodeList.l
Symlinking /home/gotvinne/Documents/autonomous_drones_ss2022/autonomous_drones_ws/devel/share/roseus/ros/fla_msgs/msg/FlightCommand.l
Symlinking /home/gotvinne/Documents/autonomous_drones_ss2022/autonomous_drones_ws/devel/share/roseus/ros/fla_msgs/msg/Box.l
Symlinking /home/gotvinne/Documents/autonomous_drones_ss2022/autonomous_drones_ws/devel/share/roseus/ros/fla_msgs/msg/JoyDef.l
Symlinking /home/gotvinne/Documents/autonomous_drones_ss2022/autonomous_drones_ws/devel/share/roseus/ros/fla_msgs/msg/FlightStateTransition.l
Symlinking /home/gotvinne/Documents/autonomous_drones_ss2022/autonomous_drones_ws/devel/share/roseus/ros/fla_msgs/msg/ProcessStatus.l
Symlinking /home/gotvinne/Documents/autonomous_drones_ss2022/autonomous_drones_ws/devel/share/roseus/ros/fla_msgs/msg/ControlMessage.l
Symlinking /home/gotvinne/Documents/autonomous_drones_ss2022/autonomous_drones_ws/devel/share/roseus/ros/fla_msgs/msg/Keypoint.l
Symlinking /home/gotvinne/Documents/autonomous_drones_ss2022/autonomous_drones_ws/devel/share/fla_msgs/cmake/fla_msgsConfig-version.cmake
Symlinking /home/gotvinne/Documents/autonomous_drones_ss2022/autonomous_drones_ws/devel/share/fla_msgs/cmake/fla_msgs-msg-paths.cmake
Symlinking /home/gotvinne/Documents/autonomous_drones_ss2022/autonomous_drones_ws/devel/share/fla_msgs/cmake/fla_msgs-msg-extras.cmake
Symlinking /home/gotvinne/Documents/autonomous_drones_ss2022/autonomous_drones_ws/devel/share/fla_msgs/cmake/fla_msgsConfig.cmake
Symlinking /home/gotvinne/Documents/autonomous_drones_ss2022/autonomous_drones_ws/devel/share/common-lisp/ros/fla_msgs/msg/_package_FlightCommand.lisp
Symlinking /home/gotvinne/Documents/autonomous_drones_ss2022/autonomous_drones_ws/devel/share/common-lisp/ros/fla_msgs/msg/_package_Latency.lisp
Symlinking /home/gotvinne/Documents/autonomous_drones_ss2022/autonomous_drones_ws/devel/share/common-lisp/ros/fla_msgs/msg/FlightEvent.lisp
Symlinking /home/gotvinne/Documents/autonomous_drones_ss2022/autonomous_drones_ws/devel/share/common-lisp/ros/fla_msgs/msg/FlightCommand.lisp
Symlinking /home/gotvinne/Documents/autonomous_drones_ss2022/autonomous_drones_ws/devel/share/common-lisp/ros/fla_msgs/msg/NodeStatus.lisp
Symlinking /home/gotvinne/Documents/autonomous_drones_ss2022/autonomous_drones_ws/devel/share/common-lisp/ros/fla_msgs/msg/FlightStateTransition.lisp
Symlinking /home/gotvinne/Documents/autonomous_drones_ss2022/autonomous_drones_ws/devel/share/common-lisp/ros/fla_msgs/msg/_package_ControlMessage.lisp
Symlinking /home/gotvinne/Documents/autonomous_drones_ss2022/autonomous_drones_ws/devel/share/common-lisp/ros/fla_msgs/msg/ProcessStatus.lisp
Symlinking /home/gotvinne/Documents/autonomous_drones_ss2022/autonomous_drones_ws/devel/share/common-lisp/ros/fla_msgs/msg/_package_ProcessStatus.lisp
Symlinking /home/gotvinne/Documents/autonomous_drones_ss2022/autonomous_drones_ws/devel/share/common-lisp/ros/fla_msgs/msg/Detection.lisp
Symlinking /home/gotvinne/Documents/autonomous_drones_ss2022/autonomous_drones_ws/devel/share/common-lisp/ros/fla_msgs/msg/ControlMessage.lisp
Symlinking /home/gotvinne/Documents/autonomous_drones_ss2022/autonomous_drones_ws/devel/share/common-lisp/ros/fla_msgs/msg/fla_msgs-msg.asd
Symlinking /home/gotvinne/Documents/autonomous_drones_ss2022/autonomous_drones_ws/devel/share/common-lisp/ros/fla_msgs/msg/_package_JoyDef.lisp
Symlinking /home/gotvinne/Documents/autonomous_drones_ss2022/autonomous_drones_ws/devel/share/common-lisp/ros/fla_msgs/msg/WaypointList.lisp
Symlinking /home/gotvinne/Documents/autonomous_drones_ss2022/autonomous_drones_ws/devel/share/common-lisp/ros/fla_msgs/msg/_package_ImageSegmentation.lisp
Symlinking /home/gotvinne/Documents/autonomous_drones_ss2022/autonomous_drones_ws/devel/share/common-lisp/ros/fla_msgs/msg/_package_FlightEvent.lisp
Symlinking /home/gotvinne/Documents/autonomous_drones_ss2022/autonomous_drones_ws/devel/share/common-lisp/ros/fla_msgs/msg/_package_TelemString.lisp
Symlinking /home/gotvinne/Documents/autonomous_drones_ss2022/autonomous_drones_ws/devel/share/common-lisp/ros/fla_msgs/msg/_package_NodeList.lisp
Symlinking /home/gotvinne/Documents/autonomous_drones_ss2022/autonomous_drones_ws/devel/share/common-lisp/ros/fla_msgs/msg/_package_FlightStateTransition.lisp
Symlinking /home/gotvinne/Documents/autonomous_drones_ss2022/autonomous_drones_ws/devel/share/common-lisp/ros/fla_msgs/msg/JoyDef.lisp
Symlinking /home/gotvinne/Documents/autonomous_drones_ss2022/autonomous_drones_ws/devel/share/common-lisp/ros/fla_msgs/msg/_package_Keypoint.lisp
Symlinking /home/gotvinne/Documents/autonomous_drones_ss2022/autonomous_drones_ws/devel/share/common-lisp/ros/fla_msgs/msg/NodeList.lisp
Symlinking /home/gotvinne/Documents/autonomous_drones_ss2022/autonomous_drones_ws/devel/share/common-lisp/ros/fla_msgs/msg/_package_NodeStatus.lisp
Symlinking /home/gotvinne/Documents/autonomous_drones_ss2022/autonomous_drones_ws/devel/share/common-lisp/ros/fla_msgs/msg/Latency.lisp
Symlinking /home/gotvinne/Documents/autonomous_drones_ss2022/autonomous_drones_ws/devel/share/common-lisp/ros/fla_msgs/msg/ImageDetections.lisp
Symlinking /home/gotvinne/Documents/autonomous_drones_ss2022/autonomous_drones_ws/devel/share/common-lisp/ros/fla_msgs/msg/_package.lisp
Symlinking /home/gotvinne/Documents/autonomous_drones_ss2022/autonomous_drones_ws/devel/share/common-lisp/ros/fla_msgs/msg/Box.lisp
Symlinking /home/gotvinne/Documents/autonomous_drones_ss2022/autonomous_drones_ws/devel/share/common-lisp/ros/fla_msgs/msg/ImageSegmentation.lisp
Symlinking /home/gotvinne/Documents/autonomous_drones_ss2022/autonomous_drones_ws/devel/share/common-lisp/ros/fla_msgs/msg/_package_Box.lisp
Symlinking /home/gotvinne/Documents/autonomous_drones_ss2022/autonomous_drones_ws/devel/share/common-lisp/ros/fla_msgs/msg/Keypoint.lisp
Symlinking /home/gotvinne/Documents/autonomous_drones_ss2022/autonomous_drones_ws/devel/share/common-lisp/ros/fla_msgs/msg/_package_WaypointList.lisp
Symlinking /home/gotvinne/Documents/autonomous_drones_ss2022/autonomous_drones_ws/devel/share/common-lisp/ros/fla_msgs/msg/TelemString.lisp
Symlinking /home/gotvinne/Documents/autonomous_drones_ss2022/autonomous_drones_ws/devel/share/common-lisp/ros/fla_msgs/msg/_package_ImageDetections.lisp
Symlinking /home/gotvinne/Documents/autonomous_drones_ss2022/autonomous_drones_ws/devel/share/common-lisp/ros/fla_msgs/msg/_package_Detection.lisp
