[  0%] Built target mav_msgs_generate_messages_cpp
[  0%] Built target trajectory_msgs_generate_messages_lisp
[  0%] Built target trajectory_msgs_generate_messages_nodejs
[  0%] Built target trajectory_msgs_generate_messages_cpp
[  0%] Built target rosgraph_msgs_generate_messages_nodejs
[  0%] Built target mav_msgs_generate_messages_py
[  0%] Built target actionlib_msgs_generate_messages_py
[  0%] Built target rosgraph_msgs_generate_messages_eus
[  0%] Built target actionlib_generate_messages_cpp
[  0%] Built target roscpp_generate_messages_py
[  0%] Built target mav_msgs_generate_messages_nodejs
[  0%] Built target trajectory_msgs_generate_messages_eus
[  0%] Built target roscpp_generate_messages_eus
[  0%] Built target std_msgs_generate_messages_nodejs
[  0%] Built target std_msgs_generate_messages_py
[  0%] Built target sensor_msgs_generate_messages_cpp
[  0%] Built target fla_msgs_generate_messages_py
[  0%] Built target roscpp_generate_messages_cpp
[ 44%] Built target libsocket
[ 44%] Built target sensor_msgs_generate_messages_nodejs
[ 44%] Built target sensor_msgs_generate_messages_eus
[ 44%] Built target sensor_msgs_generate_messages_lisp
[ 44%] Built target tf2_msgs_generate_messages_eus
[ 44%] Built target geometry_msgs_generate_messages_py
[ 44%] Built target sensor_msgs_generate_messages_py
[ 44%] Built target roscpp_generate_messages_lisp
[ 44%] Built target actionlib_generate_messages_lisp
[ 44%] Built target rosgraph_msgs_generate_messages_py
[ 44%] Built target geometry_msgs_generate_messages_cpp
[ 44%] Built target tf2_msgs_generate_messages_py
[ 44%] Built target std_msgs_generate_messages_cpp
[ 44%] Built target rosgraph_msgs_generate_messages_lisp
[ 44%] Built target tf_generate_messages_eus
[ 44%] Built target tf2_msgs_generate_messages_cpp
[ 44%] Built target mav_msgs_generate_messages_lisp
[ 44%] Built target roscpp_generate_messages_nodejs
[ 44%] Built target geometry_msgs_generate_messages_lisp
[ 44%] Built target fla_msgs_generate_messages_nodejs
[ 44%] Built target tf_generate_messages_cpp
[ 44%] Built target std_msgs_generate_messages_lisp
[ 44%] Built target tf_generate_messages_lisp
[ 44%] Built target tf_generate_messages_nodejs
[ 44%] Built target trajectory_msgs_generate_messages_py
[ 44%] Built target actionlib_generate_messages_eus
[ 44%] Built target rosgraph_msgs_generate_messages_cpp
[ 44%] Built target actionlib_msgs_generate_messages_cpp
[ 44%] Built target actionlib_generate_messages_nodejs
[ 44%] Built target actionlib_generate_messages_py
[ 44%] Built target tf_generate_messages_py
[ 44%] Built target std_msgs_generate_messages_eus
[ 44%] Built target actionlib_msgs_generate_messages_nodejs
[ 44%] Built target actionlib_msgs_generate_messages_lisp
[ 44%] Built target tf2_msgs_generate_messages_lisp
[ 44%] Built target tf2_msgs_generate_messages_nodejs
[ 44%] Built target geometry_msgs_generate_messages_eus
[ 44%] Built target fla_msgs_generate_messages_cpp
[ 44%] Built target actionlib_msgs_generate_messages_eus
[ 44%] Built target fla_msgs_generate_messages_eus
[ 44%] Built target fla_msgs_generate_messages_lisp
[35m[1mScanning dependencies of target state_estimate_corruptor_node[0m
[ 44%] Built target geometry_msgs_generate_messages_nodejs
[ 44%] Built target mav_msgs_generate_messages_eus
[35m[1mScanning dependencies of target w_to_unity[0m
[ 50%] [32mBuilding CXX object CMakeFiles/state_estimate_corruptor_node.dir/src/state_estimate_corruptor_node.cpp.o[0m
[ 61%] Built target tcpstreamreader
[ 66%] [32mBuilding CXX object CMakeFiles/w_to_unity.dir/src/w_to_unity.cpp.o[0m
[ 77%] Built target tcpimage
[35m[1mScanning dependencies of target unity_ros[0m
[ 83%] [32mBuilding CXX object CMakeFiles/unity_ros.dir/src/unity_ros.cpp.o[0m
In file included from [01m[K/home/gotvinne/Documents/autonomous_drones_ss2022/autonomous_drones_ws/src/simulation/src/unity_ros.cpp:10[m[K:
[01m[K/home/gotvinne/Documents/autonomous_drones_ss2022/autonomous_drones_ws/src/simulation/src/rgb_camera_parser.h:[m[K In member function ‘[01m[Kvirtual bool RGBCameraParser::ParseMessage(const UnityHeader&, TCPStreamReader&, double)[m[K’:
[01m[K/home/gotvinne/Documents/autonomous_drones_ss2022/autonomous_drones_ws/src/simulation/src/rgb_camera_parser.h:22:3:[m[K [01;35m[Kwarning: [m[Kno return statement in function returning non-void [[01;35m[K-Wreturn-type[m[K]
   22 |   [01;35m[K}[m[K
      |   [01;35m[K^[m[K
In file included from [01m[K/home/gotvinne/Documents/autonomous_drones_ss2022/autonomous_drones_ws/src/simulation/src/unity_ros.cpp:12[m[K:
[01m[K/home/gotvinne/Documents/autonomous_drones_ss2022/autonomous_drones_ws/src/simulation/src/fisheye_camera_parser.h:[m[K In member function ‘[01m[Kvirtual bool FisheyeCameraParser::ParseMessage(const UnityHeader&, TCPStreamReader&, double)[m[K’:
[01m[K/home/gotvinne/Documents/autonomous_drones_ss2022/autonomous_drones_ws/src/simulation/src/fisheye_camera_parser.h:20:3:[m[K [01;35m[Kwarning: [m[Kno return statement in function returning non-void [[01;35m[K-Wreturn-type[m[K]
   20 |   [01;35m[K}[m[K
      |   [01;35m[K^[m[K
In file included from [01m[K/home/gotvinne/Documents/autonomous_drones_ss2022/autonomous_drones_ws/src/simulation/src/unity_ros.cpp:13[m[K:
[01m[K/home/gotvinne/Documents/autonomous_drones_ss2022/autonomous_drones_ws/src/simulation/src/imu_parser.h:[m[K In member function ‘[01m[Kvirtual bool IMUParser::ParseMessage(const UnityHeader&, TCPStreamReader&, double)[m[K’:
[01m[K/home/gotvinne/Documents/autonomous_drones_ss2022/autonomous_drones_ws/src/simulation/src/imu_parser.h:42:3:[m[K [01;35m[Kwarning: [m[Kno return statement in function returning non-void [[01;35m[K-Wreturn-type[m[K]
   42 |   [01;35m[K}[m[K
      |   [01;35m[K^[m[K
In file included from [01m[K/home/gotvinne/Documents/autonomous_drones_ss2022/autonomous_drones_ws/src/simulation/src/unity_ros.cpp:14[m[K:
[01m[K/home/gotvinne/Documents/autonomous_drones_ss2022/autonomous_drones_ws/src/simulation/src/true_state_parser.h:[m[K In member function ‘[01m[Kvirtual bool TrueStateParser::ParseMessage(const UnityHeader&, TCPStreamReader&, double)[m[K’:
[01m[K/home/gotvinne/Documents/autonomous_drones_ss2022/autonomous_drones_ws/src/simulation/src/true_state_parser.h:93:3:[m[K [01;35m[Kwarning: [m[Kno return statement in function returning non-void [[01;35m[K-Wreturn-type[m[K]
   93 |   [01;35m[K}[m[K
      |   [01;35m[K^[m[K
[ 88%] [32m[1mLinking CXX executable /home/gotvinne/Documents/autonomous_drones_ss2022/autonomous_drones_ws/devel/.private/simulation/lib/simulation/unity_ros[0m
[ 94%] [32m[1mLinking CXX executable /home/gotvinne/Documents/autonomous_drones_ss2022/autonomous_drones_ws/devel/.private/simulation/lib/simulation/w_to_unity[0m
[ 94%] Built target unity_ros
[ 94%] Built target w_to_unity
[100%] [32m[1mLinking CXX executable /home/gotvinne/Documents/autonomous_drones_ss2022/autonomous_drones_ws/devel/.private/simulation/lib/simulation/state_estimate_corruptor_node[0m
[100%] Built target state_estimate_corruptor_node
